test_p1 (__main__.Test.test_p1) ... ok
test_p10 (__main__.Test.test_p10) ... ERROR
test_p2 (__main__.Test.test_p2) ... ok
test_p3 (__main__.Test.test_p3) ... ok
test_p4 (__main__.Test.test_p4) ... ok
test_p5 (__main__.Test.test_p5) ... ok
test_p6 (__main__.Test.test_p6) ... ok
test_p7 (__main__.Test.test_p7) ... FAIL
test_p8 (__main__.Test.test_p8) ... ok
test_p9 (__main__.Test.test_p9) ... ok

======================================================================
ERROR: test_p10 (__main__.Test.test_p10)
----------------------------------------------------------------------
Traceback (most recent call last):
  File "c:\Users\barte\Desktop\steel\pp\06-Test1\check-test1-ZIISS1-1113.py", line 70, in test_p10
    self.assertEqual(p10.f("13:06","13:03"),"13:03")
                     ^^^^^
AttributeError: module 'p10' has no attribute 'f'

======================================================================
FAIL: test_p7 (__main__.Test.test_p7)
----------------------------------------------------------------------
Traceback (most recent call last):
  File "c:\Users\barte\Desktop\steel\pp\06-Test1\check-test1-ZIISS1-1113.py", line 53, in test_p7
    self.assertEqual(p7.f(30,90),178)
AssertionError: 322 != 178

----------------------------------------------------------------------
Ran 10 tests in 0.013s

FAILED (failures=1, errors=1)
