test_p1 (__main__.TestT3.test_p1) ... ok
test_p10 (__main__.TestT3.test_p10) ... ERROR
test_p2 (__main__.TestT3.test_p2) ... ok
test_p3 (__main__.TestT3.test_p3) ... ok
test_p4 (__main__.TestT3.test_p4) ... ok
test_p5 (__main__.TestT3.test_p5) ... ERROR
test_p6 (__main__.TestT3.test_p6) ... ok
test_p7 (__main__.TestT3.test_p7) ... ok
test_p8 (__main__.TestT3.test_p8) ... ok
test_p9 (__main__.TestT3.test_p9) ... ERROR

======================================================================
ERROR: test_p10 (__main__.TestT3.test_p10)
----------------------------------------------------------------------
Traceback (most recent call last):
  File "C:\Users\barte\Desktop\steel\pp\14-Test3\check-test3-ZIISS1-1113.py", line 161, in test_p10
    import p10
ModuleNotFoundError: No module named 'p10'

======================================================================
ERROR: test_p5 (__main__.TestT3.test_p5)
----------------------------------------------------------------------
Traceback (most recent call last):
  File "C:\Users\barte\Desktop\steel\pp\14-Test3\check-test3-ZIISS1-1113.py", line 78, in test_p5
    import p5
ModuleNotFoundError: No module named 'p5'

======================================================================
ERROR: test_p9 (__main__.TestT3.test_p9)
----------------------------------------------------------------------
Traceback (most recent call last):
  File "C:\Users\barte\Desktop\steel\pp\14-Test3\check-test3-ZIISS1-1113.py", line 143, in test_p9
    import p9
ModuleNotFoundError: No module named 'p9'

----------------------------------------------------------------------
Ran 10 tests in 0.045s

FAILED (errors=3)
